2013/11/28 22:01:32 [error] [php] date(): It is not safe to rely on the system's timezone settings. You are *required* to use the date.timezone setting or the date_default_timezone_set() function. In case you used any of those methods and you are still getting this warning, you most likely misspelled the timezone identifier. We selected the timezone 'UTC' for now, but please set date.timezone to select your timezone. (/var/www/diplom.dev/public_html/protected/views/layouts/main.php:51)
Stack trace:
#0 /var/www/diplom.dev/public_html/protected/framework/web/CBaseController.php(95): SiteController->renderInternal()
#1 /var/www/diplom.dev/public_html/protected/framework/web/widgets/CContentDecorator.php(76): SiteController->renderFile()
#2 /var/www/diplom.dev/public_html/protected/framework/web/widgets/CContentDecorator.php(54): CContentDecorator->decorate()
#3 /var/www/diplom.dev/public_html/protected/framework/web/widgets/COutputProcessor.php(44): CContentDecorator->processOutput()
#4 /var/www/diplom.dev/public_html/protected/framework/web/CBaseController.php(206): CContentDecorator->run()
#5 /var/www/diplom.dev/public_html/protected/framework/web/CBaseController.php(300): SiteController->endWidget()
#6 /var/www/diplom.dev/public_html/protected/views/layouts/column1.php(6): SiteController->endContent()
#7 /var/www/diplom.dev/public_html/protected/framework/web/CBaseController.php(126): require()
#8 /var/www/diplom.dev/public_html/protected/framework/web/CBaseController.php(95): SiteController->renderInternal()
#9 /var/www/diplom.dev/public_html/protected/framework/web/CController.php(784): SiteController->renderFile()
#10 /var/www/diplom.dev/public_html/protected/controllers/SiteController.php(32): SiteController->render()
#11 /var/www/diplom.dev/public_html/protected/framework/web/actions/CInlineAction.php(49): SiteController->actionIndex()
#12 /var/www/diplom.dev/public_html/protected/framework/web/CController.php(308): CInlineAction->runWithParams()
#13 /var/www/diplom.dev/public_html/protected/framework/web/CController.php(286): SiteController->runAction()
#14 /var/www/diplom.dev/public_html/protected/framework/web/CController.php(265): SiteController->runActionWithFilters()
#15 /var/www/diplom.dev/public_html/protected/framework/web/CWebApplication.php(282): SiteController->run()
#16 /var/www/diplom.dev/public_html/protected/framework/web/CWebApplication.php(141): CWebApplication->runController()
#17 /var/www/diplom.dev/public_html/protected/framework/base/CApplication.php(180): CWebApplication->processRequest()
#18 /var/www/diplom.dev/public_html/index.php(13): CWebApplication->run()
REQUEST_URI=/
in /var/www/diplom.dev/public_html/protected/views/layouts/main.php (51)
in /var/www/diplom.dev/public_html/protected/views/layouts/column1.php (6)
in /var/www/diplom.dev/public_html/protected/controllers/SiteController.php (32)
2013/11/28 22:13:27 [error] [php] date(): It is not safe to rely on the system's timezone settings. You are *required* to use the date.timezone setting or the date_default_timezone_set() function. In case you used any of those methods and you are still getting this warning, you most likely misspelled the timezone identifier. We selected the timezone 'UTC' for now, but please set date.timezone to select your timezone. (/var/www/diplom.dev/public_html/protected/views/layouts/main.php:51)
Stack trace:
#0 /var/www/diplom.dev/public_html/protected/framework/web/CBaseController.php(95): SiteController->renderInternal()
#1 /var/www/diplom.dev/public_html/protected/framework/web/widgets/CContentDecorator.php(76): SiteController->renderFile()
#2 /var/www/diplom.dev/public_html/protected/framework/web/widgets/CContentDecorator.php(54): CContentDecorator->decorate()
#3 /var/www/diplom.dev/public_html/protected/framework/web/widgets/COutputProcessor.php(44): CContentDecorator->processOutput()
#4 /var/www/diplom.dev/public_html/protected/framework/web/CBaseController.php(206): CContentDecorator->run()
#5 /var/www/diplom.dev/public_html/protected/framework/web/CBaseController.php(300): SiteController->endWidget()
#6 /var/www/diplom.dev/public_html/protected/views/layouts/column1.php(6): SiteController->endContent()
#7 /var/www/diplom.dev/public_html/protected/framework/web/CBaseController.php(126): require()
#8 /var/www/diplom.dev/public_html/protected/framework/web/CBaseController.php(95): SiteController->renderInternal()
#9 /var/www/diplom.dev/public_html/protected/framework/web/CController.php(784): SiteController->renderFile()
#10 /var/www/diplom.dev/public_html/protected/controllers/SiteController.php(32): SiteController->render()
#11 /var/www/diplom.dev/public_html/protected/framework/web/actions/CInlineAction.php(49): SiteController->actionIndex()
#12 /var/www/diplom.dev/public_html/protected/framework/web/CController.php(308): CInlineAction->runWithParams()
#13 /var/www/diplom.dev/public_html/protected/framework/web/CController.php(286): SiteController->runAction()
#14 /var/www/diplom.dev/public_html/protected/framework/web/CController.php(265): SiteController->runActionWithFilters()
#15 /var/www/diplom.dev/public_html/protected/framework/web/CWebApplication.php(282): SiteController->run()
#16 /var/www/diplom.dev/public_html/protected/framework/web/CWebApplication.php(141): CWebApplication->runController()
#17 /var/www/diplom.dev/public_html/protected/framework/base/CApplication.php(180): CWebApplication->processRequest()
#18 /var/www/diplom.dev/public_html/index.php(13): CWebApplication->run()
REQUEST_URI=/
in /var/www/diplom.dev/public_html/protected/views/layouts/main.php (51)
in /var/www/diplom.dev/public_html/protected/views/layouts/column1.php (6)
in /var/www/diplom.dev/public_html/protected/controllers/SiteController.php (32)
2013/11/28 22:13:28 [error] [php] date(): It is not safe to rely on the system's timezone settings. You are *required* to use the date.timezone setting or the date_default_timezone_set() function. In case you used any of those methods and you are still getting this warning, you most likely misspelled the timezone identifier. We selected the timezone 'UTC' for now, but please set date.timezone to select your timezone. (/var/www/diplom.dev/public_html/protected/views/layouts/main.php:51)
Stack trace:
#0 /var/www/diplom.dev/public_html/protected/framework/web/CBaseController.php(95): SiteController->renderInternal()
#1 /var/www/diplom.dev/public_html/protected/framework/web/widgets/CContentDecorator.php(76): SiteController->renderFile()
#2 /var/www/diplom.dev/public_html/protected/framework/web/widgets/CContentDecorator.php(54): CContentDecorator->decorate()
#3 /var/www/diplom.dev/public_html/protected/framework/web/widgets/COutputProcessor.php(44): CContentDecorator->processOutput()
#4 /var/www/diplom.dev/public_html/protected/framework/web/CBaseController.php(206): CContentDecorator->run()
#5 /var/www/diplom.dev/public_html/protected/framework/web/CBaseController.php(300): SiteController->endWidget()
#6 /var/www/diplom.dev/public_html/protected/views/layouts/column1.php(6): SiteController->endContent()
#7 /var/www/diplom.dev/public_html/protected/framework/web/CBaseController.php(126): require()
#8 /var/www/diplom.dev/public_html/protected/framework/web/CBaseController.php(95): SiteController->renderInternal()
#9 /var/www/diplom.dev/public_html/protected/framework/web/CController.php(784): SiteController->renderFile()
#10 /var/www/diplom.dev/public_html/protected/controllers/SiteController.php(32): SiteController->render()
#11 /var/www/diplom.dev/public_html/protected/framework/web/actions/CInlineAction.php(49): SiteController->actionIndex()
#12 /var/www/diplom.dev/public_html/protected/framework/web/CController.php(308): CInlineAction->runWithParams()
#13 /var/www/diplom.dev/public_html/protected/framework/web/CController.php(286): SiteController->runAction()
#14 /var/www/diplom.dev/public_html/protected/framework/web/CController.php(265): SiteController->runActionWithFilters()
#15 /var/www/diplom.dev/public_html/protected/framework/web/CWebApplication.php(282): SiteController->run()
#16 /var/www/diplom.dev/public_html/protected/framework/web/CWebApplication.php(141): CWebApplication->runController()
#17 /var/www/diplom.dev/public_html/protected/framework/base/CApplication.php(180): CWebApplication->processRequest()
#18 /var/www/diplom.dev/public_html/index.php(13): CWebApplication->run()
REQUEST_URI=/
in /var/www/diplom.dev/public_html/protected/views/layouts/main.php (51)
in /var/www/diplom.dev/public_html/protected/views/layouts/column1.php (6)
in /var/www/diplom.dev/public_html/protected/controllers/SiteController.php (32)
2013/11/28 22:13:29 [error] [php] date(): It is not safe to rely on the system's timezone settings. You are *required* to use the date.timezone setting or the date_default_timezone_set() function. In case you used any of those methods and you are still getting this warning, you most likely misspelled the timezone identifier. We selected the timezone 'UTC' for now, but please set date.timezone to select your timezone. (/var/www/diplom.dev/public_html/protected/views/layouts/main.php:51)
Stack trace:
#0 /var/www/diplom.dev/public_html/protected/framework/web/CBaseController.php(95): SiteController->renderInternal()
#1 /var/www/diplom.dev/public_html/protected/framework/web/widgets/CContentDecorator.php(76): SiteController->renderFile()
#2 /var/www/diplom.dev/public_html/protected/framework/web/widgets/CContentDecorator.php(54): CContentDecorator->decorate()
#3 /var/www/diplom.dev/public_html/protected/framework/web/widgets/COutputProcessor.php(44): CContentDecorator->processOutput()
#4 /var/www/diplom.dev/public_html/protected/framework/web/CBaseController.php(206): CContentDecorator->run()
#5 /var/www/diplom.dev/public_html/protected/framework/web/CBaseController.php(300): SiteController->endWidget()
#6 /var/www/diplom.dev/public_html/protected/views/layouts/column1.php(6): SiteController->endContent()
#7 /var/www/diplom.dev/public_html/protected/framework/web/CBaseController.php(126): require()
#8 /var/www/diplom.dev/public_html/protected/framework/web/CBaseController.php(95): SiteController->renderInternal()
#9 /var/www/diplom.dev/public_html/protected/framework/web/CController.php(784): SiteController->renderFile()
#10 /var/www/diplom.dev/public_html/protected/controllers/SiteController.php(32): SiteController->render()
#11 /var/www/diplom.dev/public_html/protected/framework/web/actions/CInlineAction.php(49): SiteController->actionIndex()
#12 /var/www/diplom.dev/public_html/protected/framework/web/CController.php(308): CInlineAction->runWithParams()
#13 /var/www/diplom.dev/public_html/protected/framework/web/CController.php(286): SiteController->runAction()
#14 /var/www/diplom.dev/public_html/protected/framework/web/CController.php(265): SiteController->runActionWithFilters()
#15 /var/www/diplom.dev/public_html/protected/framework/web/CWebApplication.php(282): SiteController->run()
#16 /var/www/diplom.dev/public_html/protected/framework/web/CWebApplication.php(141): CWebApplication->runController()
#17 /var/www/diplom.dev/public_html/protected/framework/base/CApplication.php(180): CWebApplication->processRequest()
#18 /var/www/diplom.dev/public_html/index.php(13): CWebApplication->run()
REQUEST_URI=/
in /var/www/diplom.dev/public_html/protected/views/layouts/main.php (51)
in /var/www/diplom.dev/public_html/protected/views/layouts/column1.php (6)
in /var/www/diplom.dev/public_html/protected/controllers/SiteController.php (32)
2013/11/28 22:13:29 [error] [php] date(): It is not safe to rely on the system's timezone settings. You are *required* to use the date.timezone setting or the date_default_timezone_set() function. In case you used any of those methods and you are still getting this warning, you most likely misspelled the timezone identifier. We selected the timezone 'UTC' for now, but please set date.timezone to select your timezone. (/var/www/diplom.dev/public_html/protected/views/layouts/main.php:51)
Stack trace:
#0 /var/www/diplom.dev/public_html/protected/framework/web/CBaseController.php(95): SiteController->renderInternal()
#1 /var/www/diplom.dev/public_html/protected/framework/web/widgets/CContentDecorator.php(76): SiteController->renderFile()
#2 /var/www/diplom.dev/public_html/protected/framework/web/widgets/CContentDecorator.php(54): CContentDecorator->decorate()
#3 /var/www/diplom.dev/public_html/protected/framework/web/widgets/COutputProcessor.php(44): CContentDecorator->processOutput()
#4 /var/www/diplom.dev/public_html/protected/framework/web/CBaseController.php(206): CContentDecorator->run()
#5 /var/www/diplom.dev/public_html/protected/framework/web/CBaseController.php(300): SiteController->endWidget()
#6 /var/www/diplom.dev/public_html/protected/views/layouts/column1.php(6): SiteController->endContent()
#7 /var/www/diplom.dev/public_html/protected/framework/web/CBaseController.php(126): require()
#8 /var/www/diplom.dev/public_html/protected/framework/web/CBaseController.php(95): SiteController->renderInternal()
#9 /var/www/diplom.dev/public_html/protected/framework/web/CController.php(784): SiteController->renderFile()
#10 /var/www/diplom.dev/public_html/protected/controllers/SiteController.php(32): SiteController->render()
#11 /var/www/diplom.dev/public_html/protected/framework/web/actions/CInlineAction.php(49): SiteController->actionIndex()
#12 /var/www/diplom.dev/public_html/protected/framework/web/CController.php(308): CInlineAction->runWithParams()
#13 /var/www/diplom.dev/public_html/protected/framework/web/CController.php(286): SiteController->runAction()
#14 /var/www/diplom.dev/public_html/protected/framework/web/CController.php(265): SiteController->runActionWithFilters()
#15 /var/www/diplom.dev/public_html/protected/framework/web/CWebApplication.php(282): SiteController->run()
#16 /var/www/diplom.dev/public_html/protected/framework/web/CWebApplication.php(141): CWebApplication->runController()
#17 /var/www/diplom.dev/public_html/protected/framework/base/CApplication.php(180): CWebApplication->processRequest()
#18 /var/www/diplom.dev/public_html/index.php(13): CWebApplication->run()
REQUEST_URI=/
in /var/www/diplom.dev/public_html/protected/views/layouts/main.php (51)
in /var/www/diplom.dev/public_html/protected/views/layouts/column1.php (6)
in /var/www/diplom.dev/public_html/protected/controllers/SiteController.php (32)
2013/11/28 22:15:16 [error] [php] date(): It is not safe to rely on the system's timezone settings. You are *required* to use the date.timezone setting or the date_default_timezone_set() function. In case you used any of those methods and you are still getting this warning, you most likely misspelled the timezone identifier. We selected the timezone 'UTC' for now, but please set date.timezone to select your timezone. (/var/www/diplom.dev/public_html/protected/views/layouts/main.php:51)
Stack trace:
#0 /var/www/diplom.dev/public_html/protected/framework/web/CBaseController.php(95): SiteController->renderInternal()
#1 /var/www/diplom.dev/public_html/protected/framework/web/widgets/CContentDecorator.php(76): SiteController->renderFile()
#2 /var/www/diplom.dev/public_html/protected/framework/web/widgets/CContentDecorator.php(54): CContentDecorator->decorate()
#3 /var/www/diplom.dev/public_html/protected/framework/web/widgets/COutputProcessor.php(44): CContentDecorator->processOutput()
#4 /var/www/diplom.dev/public_html/protected/framework/web/CBaseController.php(206): CContentDecorator->run()
#5 /var/www/diplom.dev/public_html/protected/framework/web/CBaseController.php(300): SiteController->endWidget()
#6 /var/www/diplom.dev/public_html/protected/views/layouts/column1.php(6): SiteController->endContent()
#7 /var/www/diplom.dev/public_html/protected/framework/web/CBaseController.php(126): require()
#8 /var/www/diplom.dev/public_html/protected/framework/web/CBaseController.php(95): SiteController->renderInternal()
#9 /var/www/diplom.dev/public_html/protected/framework/web/CController.php(784): SiteController->renderFile()
#10 /var/www/diplom.dev/public_html/protected/controllers/SiteController.php(32): SiteController->render()
#11 /var/www/diplom.dev/public_html/protected/framework/web/actions/CInlineAction.php(49): SiteController->actionIndex()
#12 /var/www/diplom.dev/public_html/protected/framework/web/CController.php(308): CInlineAction->runWithParams()
#13 /var/www/diplom.dev/public_html/protected/framework/web/CController.php(286): SiteController->runAction()
#14 /var/www/diplom.dev/public_html/protected/framework/web/CController.php(265): SiteController->runActionWithFilters()
#15 /var/www/diplom.dev/public_html/protected/framework/web/CWebApplication.php(282): SiteController->run()
#16 /var/www/diplom.dev/public_html/protected/framework/web/CWebApplication.php(141): CWebApplication->runController()
#17 /var/www/diplom.dev/public_html/protected/framework/base/CApplication.php(180): CWebApplication->processRequest()
#18 /var/www/diplom.dev/public_html/index.php(13): CWebApplication->run()
REQUEST_URI=/
in /var/www/diplom.dev/public_html/protected/views/layouts/main.php (51)
in /var/www/diplom.dev/public_html/protected/views/layouts/column1.php (6)
in /var/www/diplom.dev/public_html/protected/controllers/SiteController.php (32)
2013/11/28 22:15:18 [error] [php] date(): It is not safe to rely on the system's timezone settings. You are *required* to use the date.timezone setting or the date_default_timezone_set() function. In case you used any of those methods and you are still getting this warning, you most likely misspelled the timezone identifier. We selected the timezone 'UTC' for now, but please set date.timezone to select your timezone. (/var/www/diplom.dev/public_html/protected/views/layouts/main.php:51)
Stack trace:
#0 /var/www/diplom.dev/public_html/protected/framework/web/CBaseController.php(95): SiteController->renderInternal()
#1 /var/www/diplom.dev/public_html/protected/framework/web/widgets/CContentDecorator.php(76): SiteController->renderFile()
#2 /var/www/diplom.dev/public_html/protected/framework/web/widgets/CContentDecorator.php(54): CContentDecorator->decorate()
#3 /var/www/diplom.dev/public_html/protected/framework/web/widgets/COutputProcessor.php(44): CContentDecorator->processOutput()
#4 /var/www/diplom.dev/public_html/protected/framework/web/CBaseController.php(206): CContentDecorator->run()
#5 /var/www/diplom.dev/public_html/protected/framework/web/CBaseController.php(300): SiteController->endWidget()
#6 /var/www/diplom.dev/public_html/protected/views/layouts/column1.php(6): SiteController->endContent()
#7 /var/www/diplom.dev/public_html/protected/framework/web/CBaseController.php(126): require()
#8 /var/www/diplom.dev/public_html/protected/framework/web/CBaseController.php(95): SiteController->renderInternal()
#9 /var/www/diplom.dev/public_html/protected/framework/web/CController.php(784): SiteController->renderFile()
#10 /var/www/diplom.dev/public_html/protected/controllers/SiteController.php(32): SiteController->render()
#11 /var/www/diplom.dev/public_html/protected/framework/web/actions/CInlineAction.php(49): SiteController->actionIndex()
#12 /var/www/diplom.dev/public_html/protected/framework/web/CController.php(308): CInlineAction->runWithParams()
#13 /var/www/diplom.dev/public_html/protected/framework/web/CController.php(286): SiteController->runAction()
#14 /var/www/diplom.dev/public_html/protected/framework/web/CController.php(265): SiteController->runActionWithFilters()
#15 /var/www/diplom.dev/public_html/protected/framework/web/CWebApplication.php(282): SiteController->run()
#16 /var/www/diplom.dev/public_html/protected/framework/web/CWebApplication.php(141): CWebApplication->runController()
#17 /var/www/diplom.dev/public_html/protected/framework/base/CApplication.php(180): CWebApplication->processRequest()
#18 /var/www/diplom.dev/public_html/index.php(13): CWebApplication->run()
REQUEST_URI=/
in /var/www/diplom.dev/public_html/protected/views/layouts/main.php (51)
in /var/www/diplom.dev/public_html/protected/views/layouts/column1.php (6)
in /var/www/diplom.dev/public_html/protected/controllers/SiteController.php (32)
2013/11/28 22:15:19 [error] [php] date(): It is not safe to rely on the system's timezone settings. You are *required* to use the date.timezone setting or the date_default_timezone_set() function. In case you used any of those methods and you are still getting this warning, you most likely misspelled the timezone identifier. We selected the timezone 'UTC' for now, but please set date.timezone to select your timezone. (/var/www/diplom.dev/public_html/protected/views/layouts/main.php:51)
Stack trace:
#0 /var/www/diplom.dev/public_html/protected/framework/web/CBaseController.php(95): SiteController->renderInternal()
#1 /var/www/diplom.dev/public_html/protected/framework/web/widgets/CContentDecorator.php(76): SiteController->renderFile()
#2 /var/www/diplom.dev/public_html/protected/framework/web/widgets/CContentDecorator.php(54): CContentDecorator->decorate()
#3 /var/www/diplom.dev/public_html/protected/framework/web/widgets/COutputProcessor.php(44): CContentDecorator->processOutput()
#4 /var/www/diplom.dev/public_html/protected/framework/web/CBaseController.php(206): CContentDecorator->run()
#5 /var/www/diplom.dev/public_html/protected/framework/web/CBaseController.php(300): SiteController->endWidget()
#6 /var/www/diplom.dev/public_html/protected/views/layouts/column1.php(6): SiteController->endContent()
#7 /var/www/diplom.dev/public_html/protected/framework/web/CBaseController.php(126): require()
#8 /var/www/diplom.dev/public_html/protected/framework/web/CBaseController.php(95): SiteController->renderInternal()
#9 /var/www/diplom.dev/public_html/protected/framework/web/CController.php(784): SiteController->renderFile()
#10 /var/www/diplom.dev/public_html/protected/controllers/SiteController.php(32): SiteController->render()
#11 /var/www/diplom.dev/public_html/protected/framework/web/actions/CInlineAction.php(49): SiteController->actionIndex()
#12 /var/www/diplom.dev/public_html/protected/framework/web/CController.php(308): CInlineAction->runWithParams()
#13 /var/www/diplom.dev/public_html/protected/framework/web/CController.php(286): SiteController->runAction()
#14 /var/www/diplom.dev/public_html/protected/framework/web/CController.php(265): SiteController->runActionWithFilters()
#15 /var/www/diplom.dev/public_html/protected/framework/web/CWebApplication.php(282): SiteController->run()
#16 /var/www/diplom.dev/public_html/protected/framework/web/CWebApplication.php(141): CWebApplication->runController()
#17 /var/www/diplom.dev/public_html/protected/framework/base/CApplication.php(180): CWebApplication->processRequest()
#18 /var/www/diplom.dev/public_html/index.php(13): CWebApplication->run()
REQUEST_URI=/
in /var/www/diplom.dev/public_html/protected/views/layouts/main.php (51)
in /var/www/diplom.dev/public_html/protected/views/layouts/column1.php (6)
in /var/www/diplom.dev/public_html/protected/controllers/SiteController.php (32)
2013/11/29 00:16:54 [error] [exception.CException] exception 'CException' with message 'CAssetManager.basePath "/var/www/diplom.dev/public_html/assets" is invalid. Please make sure the directory exists and is writable by the Web server process.' in /var/www/diplom.dev/public_html/protected/framework/web/CAssetManager.php:138
Stack trace:
#0 /var/www/diplom.dev/public_html/protected/framework/web/CAssetManager.php(123): CAssetManager->setBasePath('/var/www/diplom...')
#1 /var/www/diplom.dev/public_html/protected/framework/web/CAssetManager.php(217): CAssetManager->getBasePath()
#2 /var/www/diplom.dev/public_html/protected/framework/web/CClientScript.php(510): CAssetManager->publish('/var/www/diplom...')
#3 /var/www/diplom.dev/public_html/protected/framework/web/CClientScript.php(547): CClientScript->getCoreScriptUrl()
#4 /var/www/diplom.dev/public_html/protected/framework/web/CClientScript.php(348): CClientScript->getPackageBaseUrl('jquery')
#5 /var/www/diplom.dev/public_html/protected/framework/web/CClientScript.php(208): CClientScript->renderCoreScripts()
#6 /var/www/diplom.dev/public_html/protected/framework/web/CController.php(351): CClientScript->render('<!DOCTYPE html ...')
#7 /var/www/diplom.dev/public_html/protected/framework/web/CController.php(788): CController->processOutput('<!DOCTYPE html ...')
#8 /var/www/diplom.dev/public_html/protected/controllers/SiteController.php(72): CController->render('contact', Array)
#9 /var/www/diplom.dev/public_html/protected/framework/web/actions/CInlineAction.php(49): SiteController->actionContact()
#10 /var/www/diplom.dev/public_html/protected/framework/web/CController.php(308): CInlineAction->runWithParams(Array)
#11 /var/www/diplom.dev/public_html/protected/framework/web/CController.php(286): CController->runAction(Object(CInlineAction))
#12 /var/www/diplom.dev/public_html/protected/framework/web/CController.php(265): CController->runActionWithFilters(Object(CInlineAction), Array)
#13 /var/www/diplom.dev/public_html/protected/framework/web/CWebApplication.php(282): CController->run('contact')
#14 /var/www/diplom.dev/public_html/protected/framework/web/CWebApplication.php(141): CWebApplication->runController('site/contact')
#15 /var/www/diplom.dev/public_html/protected/framework/base/CApplication.php(180): CWebApplication->processRequest()
#16 /var/www/diplom.dev/public_html/index.php(13): CApplication->run()
#17 {main}
REQUEST_URI=/index.php?r=site/contact
HTTP_REFERER=http://diplom.dev/index.php?r=site/page&view=about
---
2013/11/29 01:12:00 [error] [exception.CDbException] exception 'CDbException' with message 'CDbConnection failed to open the DB connection: could not find driver' in /var/www/diplom.dev/public_html/protected/framework/db/CDbConnection.php:382
Stack trace:
#0 /var/www/diplom.dev/public_html/protected/framework/db/CDbConnection.php(330): CDbConnection->open()
#1 /var/www/diplom.dev/public_html/protected/framework/db/CDbConnection.php(308): CDbConnection->setActive(true)
#2 /var/www/diplom.dev/public_html/protected/framework/base/CModule.php(387): CDbConnection->init()
#3 /var/www/diplom.dev/public_html/protected/framework/cli/commands/MigrateCommand.php(442): CModule->getComponent('db')
#4 /var/www/diplom.dev/public_html/protected/framework/cli/commands/MigrateCommand.php(451): MigrateCommand->getDbConnection()
#5 /var/www/diplom.dev/public_html/protected/framework/cli/commands/MigrateCommand.php(482): MigrateCommand->getMigrationHistory(-1)
#6 /var/www/diplom.dev/public_html/protected/framework/cli/commands/MigrateCommand.php(84): MigrateCommand->getNewMigrations()
#7 [internal function]: MigrateCommand->actionUp(Array)
#8 /var/www/diplom.dev/public_html/protected/framework/console/CConsoleCommand.php(172): ReflectionMethod->invokeArgs(Object(MigrateCommand), Array)
#9 /var/www/diplom.dev/public_html/protected/framework/console/CConsoleCommandRunner.php(71): CConsoleCommand->run(Array)
#10 /var/www/diplom.dev/public_html/protected/framework/console/CConsoleApplication.php(92): CConsoleCommandRunner->run(Array)
#11 /var/www/diplom.dev/public_html/protected/framework/base/CApplication.php(180): CConsoleApplication->processRequest()
#12 /var/www/diplom.dev/public_html/protected/framework/yiic.php(33): CApplication->run()
#13 /var/www/diplom.dev/public_html/protected/yiic.php(7): require_once('/var/www/diplom...')
#14 /var/www/diplom.dev/public_html/protected/yiic(4): require_once('/var/www/diplom...')
#15 {main}
---
2013/11/29 01:12:39 [error] [system.db.CDbCommand] CDbCommand::fetchAll() failed: SQLSTATE[42S02]: Base table or view not found: 1146 Table 'diplom.tbl_migration' doesn't exist. The SQL statement executed was: SHOW FULL COLUMNS FROM `tbl_migration`.
2013/12/15 22:40:00 [error] [system.db.CDbCommand] CDbCommand::fetchAll() failed: SQLSTATE[42S02]: Base table or view not found: 1146 Table 'diplom.tbl_migration' doesn't exist. The SQL statement executed was: SHOW FULL COLUMNS FROM `tbl_migration`.
